TN:
SF:components/header/index.js
FN:14,Header
FNF:1
FNH:1
FNDA:4,Header
DA:1,1
DA:2,1
DA:3,1
DA:4,1
DA:5,1
DA:6,1
DA:7,1
DA:8,1
DA:9,1
DA:10,1
DA:11,1
DA:12,1
DA:13,1
DA:14,1
DA:15,4
DA:16,4
DA:17,4
DA:18,4
DA:19,4
DA:20,4
DA:21,4
DA:22,4
LF:22
LH:22
BRDA:14,0,0,4
BRF:1
BRH:1
end_of_record
TN:
SF:components/navigation/index.js
FN:18,Navigation
FNF:1
FNH:1
FNDA:12,Navigation
DA:1,1
DA:2,1
DA:3,1
DA:4,1
DA:5,1
DA:6,1
DA:7,1
DA:8,1
DA:9,1
DA:10,1
DA:11,1
DA:12,1
DA:13,1
DA:14,1
DA:15,1
DA:16,1
DA:17,1
DA:18,1
DA:19,12
DA:20,12
DA:21,12
DA:22,12
DA:23,12
DA:24,12
DA:25,12
DA:26,12
DA:27,12
DA:28,12
DA:29,12
DA:30,12
DA:31,12
DA:32,12
DA:33,12
DA:34,12
DA:35,12
DA:36,12
DA:37,12
DA:38,12
DA:39,12
DA:40,12
DA:41,12
DA:42,12
DA:43,12
DA:44,12
DA:45,12
DA:46,12
DA:47,12
DA:48,12
DA:49,8
DA:50,12
DA:51,12
DA:52,12
DA:53,12
DA:54,12
DA:55,12
DA:56,12
DA:57,12
DA:58,12
DA:59,12
DA:60,12
DA:61,12
DA:62,12
DA:63,12
DA:64,12
DA:65,12
DA:66,12
DA:67,12
DA:68,12
DA:69,12
DA:70,12
DA:71,12
DA:72,12
DA:73,12
DA:74,12
DA:75,12
DA:76,12
DA:77,12
DA:78,12
DA:79,12
DA:80,8
DA:81,8
DA:82,8
DA:83,12
DA:84,12
DA:85,12
DA:86,12
DA:87,12
DA:88,12
DA:89,12
DA:90,12
DA:91,12
DA:92,12
LF:92
LH:92
BRDA:18,0,0,12
BRDA:76,1,0,8
BRDA:76,2,0,4
BRDA:79,3,0,8
BRDA:48,4,0,8
BRF:5
BRH:5
end_of_record
TN:
SF:components/navigation/components/DesktopNavigation.js
FN:25,DesktopNavigation
FNF:1
FNH:1
FNDA:4,DesktopNavigation
DA:1,1
DA:2,1
DA:3,1
DA:4,1
DA:5,1
DA:6,1
DA:7,1
DA:8,1
DA:9,1
DA:10,1
DA:11,1
DA:12,1
DA:13,1
DA:14,1
DA:15,1
DA:16,1
DA:17,1
DA:18,1
DA:19,1
DA:20,1
DA:21,1
DA:22,1
DA:23,1
DA:24,1
DA:25,1
DA:26,4
DA:27,4
DA:28,4
DA:29,4
DA:30,4
DA:31,4
DA:32,4
DA:33,4
DA:34,20
DA:35,20
DA:36,20
DA:37,20
DA:38,20
DA:39,20
DA:40,20
DA:41,20
DA:42,4
DA:43,4
DA:44,4
DA:45,4
DA:46,4
DA:47,4
LF:47
LH:47
BRDA:25,0,0,4
BRDA:33,1,0,20
BRF:2
BRH:2
end_of_record
TN:
SF:components/navigation/components/Logo.js
FN:9,Logo
FNF:1
FNH:1
FNDA:12,Logo
DA:1,1
DA:2,1
DA:3,1
DA:4,1
DA:5,1
DA:6,1
DA:7,1
DA:8,1
DA:9,1
DA:10,12
DA:11,12
DA:12,12
DA:13,12
DA:14,12
DA:15,12
DA:16,12
DA:17,12
LF:17
LH:17
BRDA:9,0,0,12
BRF:1
BRH:1
end_of_record
TN:
SF:components/navigation/components/MobileNavigation.js
FN:27,MobileNavigation
FN:32,toggleDrawer
FNF:2
FNH:2
FNDA:8,MobileNavigation
FNDA:16,toggleDrawer
DA:1,1
DA:2,1
DA:3,1
DA:4,1
DA:5,1
DA:6,1
DA:7,1
DA:8,1
DA:9,1
DA:10,1
DA:11,1
DA:12,1
DA:13,1
DA:14,1
DA:15,1
DA:16,1
DA:17,1
DA:18,1
DA:19,1
DA:20,1
DA:21,1
DA:22,1
DA:23,1
DA:24,1
DA:25,1
DA:26,1
DA:27,1
DA:28,8
DA:29,8
DA:30,8
DA:31,8
DA:32,8
DA:33,0
DA:34,0
DA:35,8
DA:36,8
DA:37,8
DA:38,8
DA:39,8
DA:40,8
DA:41,8
DA:42,8
DA:43,8
DA:44,8
DA:45,8
DA:46,8
DA:47,8
DA:48,8
DA:49,40
DA:50,40
DA:51,40
DA:52,40
DA:53,40
DA:54,40
DA:55,40
DA:56,40
DA:57,8
DA:58,8
DA:59,8
DA:60,8
DA:61,8
LF:61
LH:59
BRDA:27,0,0,8
BRDA:32,1,0,16
BRDA:48,2,0,40
BRF:3
BRH:3
end_of_record
TN:
SF:utils/useWindowDimensions.js
FN:6,useWindowDimensions
FN:13,handleResize
FNF:2
FNH:2
FNDA:12,useWindowDimensions
FNDA:4,handleResize
DA:1,1
DA:2,1
DA:3,1
DA:4,1
DA:5,1
DA:6,1
DA:7,12
DA:8,12
DA:9,12
DA:10,12
DA:11,12
DA:12,12
DA:13,4
DA:14,4
DA:15,4
DA:16,4
DA:17,4
DA:18,4
DA:19,4
DA:20,4
DA:21,4
DA:22,4
DA:23,4
DA:24,4
DA:25,4
DA:26,4
DA:27,12
DA:28,12
DA:29,12
DA:30,12
DA:31,1
DA:32,1
LF:32
LH:32
BRDA:6,0,0,12
BRDA:12,1,0,4
BRDA:13,2,0,4
BRDA:15,3,0,0
BRDA:16,4,0,0
BRDA:24,5,0,4
BRF:6
BRH:4
end_of_record
